<?xml version="1.0" encoding="UTF-8"?>
<!-- Generated by org.testng.reporters.JUnitReportReporter -->
<testsuite hostname="Sasmita" failures="0" tests="1" name="com.example.Testcases.LoginTest" time="21.779" errors="0" timestamp="2024-04-29T11:40:51 IST" skipped="0">
  <testcase classname="com.example.Testcases.LoginTest" name="login" time="21.779"/>
</testsuite> <!-- com.example.Testcases.LoginTest -->
