<?xml version="1.0" encoding="UTF-8"?>
<!-- Generated by org.testng.reporters.JUnitReportReporter -->
<testsuite hostname="Sasmita" failures="0" tests="2" name="com.example.AppTest" time="25.224" errors="0" timestamp="2024-04-29T14:42:59 IST" skipped="0">
  <testcase classname="com.example.AppTest" name="testCase1" time="21.903"/>
  <testcase classname="com.example.AppTest" name="testCase2" time="3.321"/>
</testsuite> <!-- com.example.AppTest -->
